{"level":"error","message":"Este es un mensaje customisado: Método GET en la URL: http://localhost:8080/img/thumbnail-1690645649162.png - 20/9/2023 - 19:18:40"}
{"level":"error","message":"Este es un mensaje customisado: Método GET en la URL: http://localhost:8080/img/thumbnail-1690645649162.png - 20/9/2023 - 19:22:16"}
{"level":"error","message":"Este es un mensaje customisado: Método GET en la URL: http://localhost:8080/img/thumbnail-1690645649162.png - 20/9/2023 - 19:22:18"}
{"level":"error","message":"Este es un mensaje customisado: Método GET en la URL: http://localhost:8080/users/assets/icons/mongodb.png - 20/9/2023 - 19:46:44"}
{"level":"error","message":"Este es un mensaje customisado: Método GET en la URL: http://localhost:8080/users/assets/icons/express.png - 20/9/2023 - 19:46:44"}
{"level":"error","message":"Este es un mensaje customisado: Método GET en la URL: http://localhost:8080/users/assets/icons/reactjs.png - 20/9/2023 - 19:46:44"}
{"level":"error","message":"Este es un mensaje customisado: Método GET en la URL: http://localhost:8080/users/assets/icons/nodejs.png - 20/9/2023 - 19:46:44"}
{"level":"error","message":"Este es un mensaje customisado: Método GET en la URL: http://localhost:8080/users/assets/icons/mongodb.png - 20/9/2023 - 19:46:56"}
{"level":"error","message":"Este es un mensaje customisado: Método GET en la URL: http://localhost:8080/users/assets/icons/express.png - 20/9/2023 - 19:46:56"}
{"level":"error","message":"Este es un mensaje customisado: Método GET en la URL: http://localhost:8080/users/assets/icons/reactjs.png - 20/9/2023 - 19:46:56"}
{"level":"error","message":"Este es un mensaje customisado: Método GET en la URL: http://localhost:8080/users/assets/icons/nodejs.png - 20/9/2023 - 19:46:56"}
{"level":"error","message":"Este es un mensaje customisado: Método GET en la URL: http://localhost:8080/users/assets/icons/mongodb.png - 20/9/2023 - 19:47:02"}
{"level":"error","message":"Este es un mensaje customisado: Método GET en la URL: http://localhost:8080/users/assets/icons/express.png - 20/9/2023 - 19:47:02"}
{"level":"error","message":"Este es un mensaje customisado: Método GET en la URL: http://localhost:8080/users/assets/icons/reactjs.png - 20/9/2023 - 19:47:02"}
{"level":"error","message":"Este es un mensaje customisado: Método GET en la URL: http://localhost:8080/users/assets/icons/nodejs.png - 20/9/2023 - 19:47:02"}
{"level":"error","message":"Este es un mensaje customisado: Método GET en la URL: http://localhost:8080/img/thumbnail-1682378644655.png - 20/9/2023 - 19:47:05"}
{"level":"error","message":"Este es un mensaje customisado: Método GET en la URL: http://localhost:8080/img/thumbnail-1682378644655.png - 20/9/2023 - 19:50:56"}
{"level":"error","message":"Este es un mensaje customisado: Método GET en la URL: http://localhost:8080/img/thumbnail-1682378644655.png - 20/9/2023 - 19:51:17"}
{"level":"error","message":"Este es un mensaje customisado: Método GET en la URL: http://localhost:8080/img/thumbnail-1682378644655.png - 20/9/2023 - 19:52:55"}
{"level":"error","message":"Este es un mensaje customisado: Método GET en la URL: http://localhost:8080/img/thumbnail-1682378644655.png - 20/9/2023 - 20:05:41"}
{"level":"error","message":"Este es un mensaje customisado: Método GET en la URL: http://localhost:8080/img/thumbnail-1682378644655.png - 20/9/2023 - 20:05:46"}
