{"timestamp":"20/09/2023, 19:18","error":"Intentaron ingresar a una Pagina No Existente.!! - Error 404 | Método: GET en la URL: http://localhost:8080/img/thumbnail-1690645649162.png"}
{"timestamp":"20/09/2023, 19:22","error":"Intentaron ingresar a una Pagina No Existente.!! - Error 404 | Método: GET en la URL: http://localhost:8080/img/thumbnail-1690645649162.png"}
{"timestamp":"20/09/2023, 19:22","error":"Intentaron ingresar a una Pagina No Existente.!! - Error 404 | Método: GET en la URL: http://localhost:8080/img/thumbnail-1690645649162.png"}
{"timestamp":"20/09/2023, 19:46","error":"Intentaron ingresar a una Pagina No Existente.!! - Error 404 | Método: GET en la URL: http://localhost:8080/users/assets/icons/mongodb.png"}
{"timestamp":"20/09/2023, 19:46","error":"Intentaron ingresar a una Pagina No Existente.!! - Error 404 | Método: GET en la URL: http://localhost:8080/users/assets/icons/express.png"}
{"timestamp":"20/09/2023, 19:46","error":"Intentaron ingresar a una Pagina No Existente.!! - Error 404 | Método: GET en la URL: http://localhost:8080/users/assets/icons/reactjs.png"}
{"timestamp":"20/09/2023, 19:46","error":"Intentaron ingresar a una Pagina No Existente.!! - Error 404 | Método: GET en la URL: http://localhost:8080/users/assets/icons/nodejs.png"}
{"timestamp":"20/09/2023, 19:46","error":"Intentaron ingresar a una Pagina No Existente.!! - Error 404 | Método: GET en la URL: http://localhost:8080/users/assets/icons/mongodb.png"}
{"timestamp":"20/09/2023, 19:46","error":"Intentaron ingresar a una Pagina No Existente.!! - Error 404 | Método: GET en la URL: http://localhost:8080/users/assets/icons/express.png"}
{"timestamp":"20/09/2023, 19:46","error":"Intentaron ingresar a una Pagina No Existente.!! - Error 404 | Método: GET en la URL: http://localhost:8080/users/assets/icons/reactjs.png"}
{"timestamp":"20/09/2023, 19:46","error":"Intentaron ingresar a una Pagina No Existente.!! - Error 404 | Método: GET en la URL: http://localhost:8080/users/assets/icons/nodejs.png"}
{"timestamp":"20/09/2023, 19:47","error":"Intentaron ingresar a una Pagina No Existente.!! - Error 404 | Método: GET en la URL: http://localhost:8080/users/assets/icons/mongodb.png"}
{"timestamp":"20/09/2023, 19:47","error":"Intentaron ingresar a una Pagina No Existente.!! - Error 404 | Método: GET en la URL: http://localhost:8080/users/assets/icons/express.png"}
{"timestamp":"20/09/2023, 19:47","error":"Intentaron ingresar a una Pagina No Existente.!! - Error 404 | Método: GET en la URL: http://localhost:8080/users/assets/icons/reactjs.png"}
{"timestamp":"20/09/2023, 19:47","error":"Intentaron ingresar a una Pagina No Existente.!! - Error 404 | Método: GET en la URL: http://localhost:8080/users/assets/icons/nodejs.png"}
{"timestamp":"20/09/2023, 19:47","error":"Intentaron ingresar a una Pagina No Existente.!! - Error 404 | Método: GET en la URL: http://localhost:8080/img/thumbnail-1682378644655.png"}
{"timestamp":"20/09/2023, 19:50","error":"Intentaron ingresar a una Pagina No Existente.!! - Error 404 | Método: GET en la URL: http://localhost:8080/img/thumbnail-1682378644655.png"}
{"timestamp":"20/09/2023, 19:51","error":"Intentaron ingresar a una Pagina No Existente.!! - Error 404 | Método: GET en la URL: http://localhost:8080/img/thumbnail-1682378644655.png"}
{"timestamp":"20/09/2023, 19:52","error":"Intentaron ingresar a una Pagina No Existente.!! - Error 404 | Método: GET en la URL: http://localhost:8080/img/thumbnail-1682378644655.png"}
{"timestamp":"20/09/2023, 20:05","error":"Intentaron ingresar a una Pagina No Existente.!! - Error 404 | Método: GET en la URL: http://localhost:8080/img/thumbnail-1682378644655.png"}
{"timestamp":"20/09/2023, 20:05","error":"Intentaron ingresar a una Pagina No Existente.!! - Error 404 | Método: GET en la URL: http://localhost:8080/img/thumbnail-1682378644655.png"}
